<?xml version="1.0" encoding="UTF-8"?>
<testsuite name="Cucumber" time="27.671" tests="1" skipped="0" failures="1" errors="0">
<testcase classname="Account Creation in Rediff" name="I have to create account in rediif and sign in" time="27.208">
<failure type="org.openqa.selenium.UnhandledAlertException" message="unexpected alert open: {Alert text : 
The ID field  accepts letters,numbers &amp; underscore.

Please re-enter your ID.}
  (Session info: chrome=134.0.6998.37): 
The ID field  accepts letters,numbers &amp; underscore.

Please re-enter your ID.
Build info: version: '4.27.0', revision: 'd6e718d134'
System info: os.name: 'Windows 10', os.arch: 'amd64', os.version: '10.0', java.version: '17.0.12'
Driver info: org.openqa.selenium.chrome.ChromeDriver
Command: [834fb49a2a5ecd50f8fa453894d29ac3, findElement {using=xpath, value=//input[@id='Register']}]
Capabilities {acceptInsecureCerts: false, browserName: chrome, browserVersion: 134.0.6998.37, chrome: {chromedriverVersion: 134.0.6998.88 (7e3d5c978c6d..., userDataDir: C:\Windows\SystemTemp\scope...}, fedcm:accounts: true, goog:chromeOptions: {debuggerAddress: localhost:53780}, networkConnectionEnabled: false, pageLoadStrategy: normal, platformName: windows, proxy: Proxy(), se:cdp: ws://localhost:53780/devtoo..., se:cdpVersion: 134.0.6998.37, setWindowRect: true, strictFileInteractability: false, timeouts: {implicit: 0, pageLoad: 300000, script: 30000}, unhandledPromptBehavior: dismiss and notify, webauthn:extension:credBlob: true, webauthn:extension:largeBlob: true, webauthn:extension:minPinLength: true, webauthn:extension:prf: true, webauthn:virtualAuthenticators: true}
Session ID: 834fb49a2a5ecd50f8fa453894d29ac3">
<![CDATA[org.openqa.selenium.UnhandledAlertException: unexpected alert open: {Alert text : 
The ID field  accepts letters,numbers & underscore.

Please re-enter your ID.}
  (Session info: chrome=134.0.6998.37): 
The ID field  accepts letters,numbers & underscore.

Please re-enter your ID.
Build info: version: '4.27.0', revision: 'd6e718d134'
System info: os.name: 'Windows 10', os.arch: 'amd64', os.version: '10.0', java.version: '17.0.12'
Driver info: org.openqa.selenium.chrome.ChromeDriver
Command: [834fb49a2a5ecd50f8fa453894d29ac3, findElement {using=xpath, value=//input[@id='Register']}]
Capabilities {acceptInsecureCerts: false, browserName: chrome, browserVersion: 134.0.6998.37, chrome: {chromedriverVersion: 134.0.6998.88 (7e3d5c978c6d..., userDataDir: C:\Windows\SystemTemp\scope...}, fedcm:accounts: true, goog:chromeOptions: {debuggerAddress: localhost:53780}, networkConnectionEnabled: false, pageLoadStrategy: normal, platformName: windows, proxy: Proxy(), se:cdp: ws://localhost:53780/devtoo..., se:cdpVersion: 134.0.6998.37, setWindowRect: true, strictFileInteractability: false, timeouts: {implicit: 0, pageLoad: 300000, script: 30000}, unhandledPromptBehavior: dismiss and notify, webauthn:extension:credBlob: true, webauthn:extension:largeBlob: true, webauthn:extension:minPinLength: true, webauthn:extension:prf: true, webauthn:virtualAuthenticators: true}
Session ID: 834fb49a2a5ecd50f8fa453894d29ac3
	at org.openqa.selenium.remote.codec.w3c.W3CHttpResponseCodec.decode(W3CHttpResponseCodec.java:136)
	at org.openqa.selenium.remote.codec.w3c.W3CHttpResponseCodec.decode(W3CHttpResponseCodec.java:50)
	at org.openqa.selenium.remote.HttpCommandExecutor.execute(HttpCommandExecutor.java:190)
	at org.openqa.selenium.remote.service.DriverCommandExecutor.invokeExecute(DriverCommandExecutor.java:216)
	at org.openqa.selenium.remote.service.DriverCommandExecutor.execute(DriverCommandExecutor.java:174)
	at org.openqa.selenium.remote.RemoteWebDriver.execute(RemoteWebDriver.java:545)
	at org.openqa.selenium.remote.ElementLocation$ElementFinder$2.findElement(ElementLocation.java:165)
	at org.openqa.selenium.remote.ElementLocation.findElement(ElementLocation.java:59)
	at org.openqa.selenium.remote.RemoteWebDriver.findElement(RemoteWebDriver.java:368)
	at org.openqa.selenium.remote.RemoteWebDriver.findElement(RemoteWebDriver.java:362)
	at stepsDef.AccountCreationPage.clickRegister(AccountCreationPage.java:122)
	at stepsDef.Steps.i_clicked_on_create_my_account(Steps.java:66)
	at âœ½.I clicked on Create_My_Account(file:///C:/Users/Administrator/git/Cucumber_BDD/CucumberPractice/src/test/resources/FeaturePkg/AccountCreation.feature:8)
]]>
</failure>
<system-out><![CDATA[
Given I navigated to "https://www.rediff.com/" website......................passed
And I clicked on create new account.........................................passed
And I enter the details.....................................................passed
Then I clicked on Create_My_Account.........................................failed
]]></system-out>
</testcase>
</testsuite>
